<?xml version="1.0" encoding="UTF-8"?>
<!-- Generated by org.testng.reporters.JUnitXMLReporter -->
<testsuite hostname="rajsiddhant21" ignored="0" name="ValidateText" tests="1" failures="1" timestamp="2021-03-01T10:21:10 IST" time="24.316" errors="0">
  <testcase name="basePageNavigation" time="0.371" classname="TestClasses.validateText">
    <failure type="java.lang.AssertionError" message="expected [FEATURED COsURSES] but found [FEATURED COURSES]">
      <![CDATA[java.lang.AssertionError: expected [FEATURED COsURSES] but found [FEATURED COURSES]
at TestClasses.validateText.basePageNavigation(validateText.java:38)
at java.util.ArrayList.forEach(ArrayList.java:1259)
at java.util.concurrent.FutureTask.run(FutureTask.java:266)
at java.util.concurrent.ThreadPoolExecutor.runWorker(ThreadPoolExecutor.java:1149)
at java.util.concurrent.ThreadPoolExecutor$Worker.run(ThreadPoolExecutor.java:624)
at java.lang.Thread.run(Thread.java:748)
... Removed 24 stack frames]]>
    </failure>
  </testcase> <!-- basePageNavigation -->
</testsuite> <!-- ValidateText -->
